  Casa un show mas.cpp
C:\Users\death\Desktop\Proyecto Lab\Project1\Project1\Casa un show mas.cpp(207,24): warning C4244: 'inicializando': conversión de 'double' a 'GLfloat'; posible pérdida de datos
C:\Users\death\Desktop\Proyecto Lab\Project1\Project1\Casa un show mas.cpp(253,22): warning C4244: '=': conversión de 'double' a 'T'; posible pérdida de datos
          with
          [
              T=float
          ]
C:\Users\death\Desktop\Proyecto Lab\Project1\Project1\Casa un show mas.cpp(254,22): warning C4244: '=': conversión de 'double' a 'T'; posible pérdida de datos
          with
          [
              T=float
          ]
C:\Users\death\Desktop\Proyecto Lab\Project1\Project1\Casa un show mas.cpp(255,22): warning C4244: '=': conversión de 'double' a 'T'; posible pérdida de datos
          with
          [
              T=float
          ]
C:\Users\death\Desktop\Proyecto Lab\Project1\Project1\Casa un show mas.cpp(445,20): warning C4305: '+=': truncamiento de 'double' a 'float'
C:\Users\death\Desktop\Proyecto Lab\Project1\Project1\Casa un show mas.cpp(452,21): warning C4305: '-=': truncamiento de 'double' a 'float'
C:\Users\death\Desktop\Proyecto Lab\Project1\Project1\Casa un show mas.cpp(528,11): warning C4244: '=': conversión de 'double' a 'GLfloat'; posible pérdida de datos
C:\Users\death\Desktop\Proyecto Lab\Project1\Project1\Casa un show mas.cpp(529,11): warning C4244: '=': conversión de 'double' a 'GLfloat'; posible pérdida de datos
C:\Users\death\Desktop\Proyecto Lab\Project1\Project1\Casa un show mas.cpp(533,18): warning C4244: 'inicializando': conversión de 'double' a 'GLfloat'; posible pérdida de datos
C:\Users\death\Desktop\Proyecto Lab\Project1\Project1\Casa un show mas.cpp(534,18): warning C4244: 'inicializando': conversión de 'double' a 'GLfloat'; posible pérdida de datos
C:\Users\death\Desktop\Proyecto Lab\Project1\Project1\Casa un show mas.cpp(536,10): warning C4244: '=': conversión de 'double' a 'GLfloat'; posible pérdida de datos
C:\Users\death\Desktop\Proyecto Lab\Project1\Project1\Casa un show mas.cpp(537,10): warning C4244: '=': conversión de 'double' a 'GLfloat'; posible pérdida de datos
soil2-debug.lib(SOIL2.obj) : warning LNK4075: se omite '/EDITANDCONTINUE' debido a la especificación '/OPT:ICF'
LINK : warning LNK4098: la biblioteca predeterminada'MSVCRTD' entra en conflicto con otras bibliotecas; use la biblioteca /NODEFAULTLIB:biblioteca
  Generando código
  Previous IPDB not found, fall back to full compilation.
  All 626 functions were compiled because no usable IPDB/IOBJ from previous compilation was found.
  Generación de código finalizada
soil2-debug.lib(etc1_utils.obj) : warning LNK4099: no se encontró PDB 'soil2-debug.pdb' con 'soil2-debug.lib(etc1_utils.obj)' o en 'C:\Users\death\Desktop\Proyecto Lab\Project1\Release\soil2-debug.pdb'; se vinculará el objeto sin tener en cuenta información de depuración
soil2-debug.lib(image_DXT.obj) : warning LNK4099: no se encontró PDB 'soil2-debug.pdb' con 'soil2-debug.lib(image_DXT.obj)' o en 'C:\Users\death\Desktop\Proyecto Lab\Project1\Release\soil2-debug.pdb'; se vinculará el objeto sin tener en cuenta información de depuración
soil2-debug.lib(image_helper.obj) : warning LNK4099: no se encontró PDB 'soil2-debug.pdb' con 'soil2-debug.lib(image_helper.obj)' o en 'C:\Users\death\Desktop\Proyecto Lab\Project1\Release\soil2-debug.pdb'; se vinculará el objeto sin tener en cuenta información de depuración
soil2-debug.lib(SOIL2.obj) : warning LNK4099: no se encontró PDB 'soil2-debug.pdb' con 'soil2-debug.lib(SOIL2.obj)' o en 'C:\Users\death\Desktop\Proyecto Lab\Project1\Release\soil2-debug.pdb'; se vinculará el objeto sin tener en cuenta información de depuración
  Project1.vcxproj -> C:\Users\death\Desktop\Proyecto Lab\Project1\Release\Project1.exe
